# JRE version: Java(TM) SE Runtime Environment 18.9 (11.0.21+9) (build 11.0.21+9-LTS-193)
# Java VM: Java HotSpot(TM) 64-Bit Server VM 18.9 (11.0.21+9-LTS-193, mixed mode, tiered, compressed oops, g1 gc, windows-amd64)
Heap:
 garbage-first heap   total 944128K, used 150661K [0x0000000500c00000, 0x0000000800000000)
  region size 2048K, 71 young (145408K), 21 survivors (43008K)
 Metaspace       used 100322K, capacity 104025K, committed 104320K, reserved 1140736K
  class space    used 11863K, capacity 13361K, committed 13440K, reserved 1048576K
GC Heap History (10 events):
Event: 750.779 GC heap before
{Heap before GC invocations=12 (full 0):
 garbage-first heap   total 944128K, used 569666K [0x0000000500c00000, 0x0000000800000000)
  region size 2048K, 276 young (565248K), 19 survivors (38912K)
 Metaspace       used 94578K, capacity 97552K, committed 97792K, reserved 1134592K
  class space    used 11563K, capacity 12732K, committed 12800K, reserved 1048576K
}
Event: 750.796 GC heap after
{Heap after GC invocations=13 (full 0):
 garbage-first heap   total 944128K, used 39841K [0x0000000500c00000, 0x0000000800000000)
  region size 2048K, 16 young (32768K), 16 survivors (32768K)
 Metaspace       used 94578K, capacity 97552K, committed 97792K, reserved 1134592K
  class space    used 11563K, capacity 12732K, committed 12800K, reserved 1048576K
}
Event: 2463.349 GC heap before
{Heap before GC invocations=13 (full 0):
 garbage-first heap   total 944128K, used 570273K [0x0000000500c00000, 0x0000000800000000)
  region size 2048K, 276 young (565248K), 16 survivors (32768K)
 Metaspace       used 95705K, capacity 98718K, committed 98944K, reserved 1134592K
  class space    used 11602K, capacity 12813K, committed 12928K, reserved 1048576K
}
Event: 2463.364 GC heap after
{Heap after GC invocations=14 (full 0):
 garbage-first heap   total 944128K, used 40485K [0x0000000500c00000, 0x0000000800000000)
  region size 2048K, 17 young (34816K), 17 survivors (34816K)
 Metaspace       used 95705K, capacity 98718K, committed 98944K, reserved 1134592K
  class space    used 11602K, capacity 12813K, committed 12928K, reserved 1048576K
}
Event: 4562.668 GC heap before
{Heap before GC invocations=14 (full 0):
 garbage-first heap   total 944128K, used 454181K [0x0000000500c00000, 0x0000000800000000)
  region size 2048K, 221 young (452608K), 17 survivors (34816K)
 Metaspace       used 97097K, capacity 100311K, committed 100480K, reserved 1136640K
  class space    used 11658K, capacity 12927K, committed 12928K, reserved 1048576K
}
Event: 4562.689 GC heap after
{Heap after GC invocations=15 (full 0):
 garbage-first heap   total 944128K, used 43763K [0x0000000500c00000, 0x0000000800000000)
  region size 2048K, 18 young (36864K), 18 survivors (36864K)
 Metaspace       used 97097K, capacity 100311K, committed 100480K, reserved 1136640K
  class space    used 11658K, capacity 12927K, committed 12928K, reserved 1048576K
}
Event: 7865.341 GC heap before
{Heap before GC invocations=16 (full 0):
 garbage-first heap   total 944128K, used 570099K [0x0000000500c00000, 0x0000000800000000)
  region size 2048K, 276 young (565248K), 18 survivors (36864K)
 Metaspace       used 98709K, capacity 102165K, committed 102272K, reserved 1138688K
  class space    used 11753K, capacity 13119K, committed 13184K, reserved 1048576K
}
Event: 7865.357 GC heap after
{Heap after GC invocations=17 (full 0):
 garbage-first heap   total 944128K, used 48699K [0x0000000500c00000, 0x0000000800000000)
  region size 2048K, 21 young (43008K), 21 survivors (43008K)
 Metaspace       used 98709K, capacity 102165K, committed 102272K, reserved 1138688K
  class space    used 11753K, capacity 13119K, committed 13184K, reserved 1048576K
}
Event: 11463.641 GC heap before
{Heap before GC invocations=17 (full 0):
 garbage-first heap   total 944128K, used 568891K [0x0000000500c00000, 0x0000000800000000)
  region size 2048K, 276 young (565248K), 21 survivors (43008K)
 Metaspace       used 100154K, capacity 103867K, committed 103936K, reserved 1140736K
  class space    used 11846K, capacity 13307K, committed 13312K, reserved 1048576K
}
Event: 11463.657 GC heap after
{Heap after GC invocations=18 (full 0):
 garbage-first heap   total 944128K, used 52357K [0x0000000500c00000, 0x0000000800000000)
  region size 2048K, 21 young (43008K), 21 survivors (43008K)
 Metaspace       used 100154K, capacity 103867K, committed 103936K, reserved 1140736K
  class space    used 11846K, capacity 13307K, committed 13312K, reserved 1048576K
}

